ARM GAS  /tmp/cclcVw1u.s 			page 1


   1              		.cpu cortex-m4
   2              		.arch armv7e-m
   3              		.fpu fpv4-sp-d16
   4              		.eabi_attribute 27, 1
   5              		.eabi_attribute 28, 1
   6              		.eabi_attribute 20, 1
   7              		.eabi_attribute 21, 1
   8              		.eabi_attribute 23, 3
   9              		.eabi_attribute 24, 1
  10              		.eabi_attribute 25, 1
  11              		.eabi_attribute 26, 1
  12              		.eabi_attribute 30, 1
  13              		.eabi_attribute 34, 1
  14              		.eabi_attribute 18, 4
  15              		.file	"system_stm32f4xx.c"
  16              		.text
  17              	.Ltext0:
  18              		.cfi_sections	.debug_frame
  19              		.file 1 "Core/Src/system_stm32f4xx.c"
  20              		.section	.text.SystemInit,"ax",%progbits
  21              		.align	1
  22              		.global	SystemInit
  23              		.syntax unified
  24              		.thumb
  25              		.thumb_func
  27              	SystemInit:
  28              	.LFB130:
   1:Core/Src/system_stm32f4xx.c **** /**
   2:Core/Src/system_stm32f4xx.c ****   ******************************************************************************
   3:Core/Src/system_stm32f4xx.c ****   * @file    system_stm32f4xx.c
   4:Core/Src/system_stm32f4xx.c ****   * @author  MCD Application Team
   5:Core/Src/system_stm32f4xx.c ****   * @brief   CMSIS Cortex-M4 Device Peripheral Access Layer System Source File.
   6:Core/Src/system_stm32f4xx.c ****   *
   7:Core/Src/system_stm32f4xx.c ****   *   This file provides two functions and one global variable to be called from 
   8:Core/Src/system_stm32f4xx.c ****   *   user application:
   9:Core/Src/system_stm32f4xx.c ****   *      - SystemInit(): This function is called at startup just after reset and 
  10:Core/Src/system_stm32f4xx.c ****   *                      before branch to main program. This call is made inside
  11:Core/Src/system_stm32f4xx.c ****   *                      the "startup_stm32f4xx.s" file.
  12:Core/Src/system_stm32f4xx.c ****   *
  13:Core/Src/system_stm32f4xx.c ****   *      - SystemCoreClock variable: Contains the core clock (HCLK), it can be used
  14:Core/Src/system_stm32f4xx.c ****   *                                  by the user application to setup the SysTick 
  15:Core/Src/system_stm32f4xx.c ****   *                                  timer or configure other parameters.
  16:Core/Src/system_stm32f4xx.c ****   *                                     
  17:Core/Src/system_stm32f4xx.c ****   *      - SystemCoreClockUpdate(): Updates the variable SystemCoreClock and must
  18:Core/Src/system_stm32f4xx.c ****   *                                 be called whenever the core clock is changed
  19:Core/Src/system_stm32f4xx.c ****   *                                 during program execution.
  20:Core/Src/system_stm32f4xx.c ****   *
  21:Core/Src/system_stm32f4xx.c ****   *
  22:Core/Src/system_stm32f4xx.c ****   ******************************************************************************
  23:Core/Src/system_stm32f4xx.c ****   * @attention
  24:Core/Src/system_stm32f4xx.c ****   *
  25:Core/Src/system_stm32f4xx.c ****   * <h2><center>&copy; Copyright (c) 2017 STMicroelectronics.
  26:Core/Src/system_stm32f4xx.c ****   * All rights reserved.</center></h2>
  27:Core/Src/system_stm32f4xx.c ****   *
  28:Core/Src/system_stm32f4xx.c ****   * This software component is licensed by ST under BSD 3-Clause license,
  29:Core/Src/system_stm32f4xx.c ****   * the "License"; You may not use this file except in compliance with the
  30:Core/Src/system_stm32f4xx.c ****   * License. You may obtain a copy of the License at:
ARM GAS  /tmp/cclcVw1u.s 			page 2


  31:Core/Src/system_stm32f4xx.c ****   *                        opensource.org/licenses/BSD-3-Clause
  32:Core/Src/system_stm32f4xx.c ****   *
  33:Core/Src/system_stm32f4xx.c ****   ******************************************************************************
  34:Core/Src/system_stm32f4xx.c ****   */
  35:Core/Src/system_stm32f4xx.c **** 
  36:Core/Src/system_stm32f4xx.c **** /** @addtogroup CMSIS
  37:Core/Src/system_stm32f4xx.c ****   * @{
  38:Core/Src/system_stm32f4xx.c ****   */
  39:Core/Src/system_stm32f4xx.c **** 
  40:Core/Src/system_stm32f4xx.c **** /** @addtogroup stm32f4xx_system
  41:Core/Src/system_stm32f4xx.c ****   * @{
  42:Core/Src/system_stm32f4xx.c ****   */  
  43:Core/Src/system_stm32f4xx.c ****   
  44:Core/Src/system_stm32f4xx.c **** /** @addtogroup STM32F4xx_System_Private_Includes
  45:Core/Src/system_stm32f4xx.c ****   * @{
  46:Core/Src/system_stm32f4xx.c ****   */
  47:Core/Src/system_stm32f4xx.c **** 
  48:Core/Src/system_stm32f4xx.c **** 
  49:Core/Src/system_stm32f4xx.c **** #include "stm32f4xx.h"
  50:Core/Src/system_stm32f4xx.c **** 
  51:Core/Src/system_stm32f4xx.c **** #if !defined  (HSE_VALUE) 
  52:Core/Src/system_stm32f4xx.c ****   #define HSE_VALUE    ((uint32_t)25000000) /*!< Default value of the External oscillator in Hz */
  53:Core/Src/system_stm32f4xx.c **** #endif /* HSE_VALUE */
  54:Core/Src/system_stm32f4xx.c **** 
  55:Core/Src/system_stm32f4xx.c **** #if !defined  (HSI_VALUE)
  56:Core/Src/system_stm32f4xx.c ****   #define HSI_VALUE    ((uint32_t)16000000) /*!< Value of the Internal oscillator in Hz*/
  57:Core/Src/system_stm32f4xx.c **** #endif /* HSI_VALUE */
  58:Core/Src/system_stm32f4xx.c **** 
  59:Core/Src/system_stm32f4xx.c **** /**
  60:Core/Src/system_stm32f4xx.c ****   * @}
  61:Core/Src/system_stm32f4xx.c ****   */
  62:Core/Src/system_stm32f4xx.c **** 
  63:Core/Src/system_stm32f4xx.c **** /** @addtogroup STM32F4xx_System_Private_TypesDefinitions
  64:Core/Src/system_stm32f4xx.c ****   * @{
  65:Core/Src/system_stm32f4xx.c ****   */
  66:Core/Src/system_stm32f4xx.c **** 
  67:Core/Src/system_stm32f4xx.c **** /**
  68:Core/Src/system_stm32f4xx.c ****   * @}
  69:Core/Src/system_stm32f4xx.c ****   */
  70:Core/Src/system_stm32f4xx.c **** 
  71:Core/Src/system_stm32f4xx.c **** /** @addtogroup STM32F4xx_System_Private_Defines
  72:Core/Src/system_stm32f4xx.c ****   * @{
  73:Core/Src/system_stm32f4xx.c ****   */
  74:Core/Src/system_stm32f4xx.c **** 
  75:Core/Src/system_stm32f4xx.c **** /************************* Miscellaneous Configuration ************************/
  76:Core/Src/system_stm32f4xx.c **** /*!< Uncomment the following line if you need to use external SRAM or SDRAM as data memory  */
  77:Core/Src/system_stm32f4xx.c **** #if defined(STM32F405xx) || defined(STM32F415xx) || defined(STM32F407xx) || defined(STM32F417xx)\
  78:Core/Src/system_stm32f4xx.c ****  || defined(STM32F427xx) || defined(STM32F437xx) || defined(STM32F429xx) || defined(STM32F439xx)\
  79:Core/Src/system_stm32f4xx.c ****  || defined(STM32F469xx) || defined(STM32F479xx) || defined(STM32F412Zx) || defined(STM32F412Vx)
  80:Core/Src/system_stm32f4xx.c **** /* #define DATA_IN_ExtSRAM */
  81:Core/Src/system_stm32f4xx.c **** #endif /* STM32F40xxx || STM32F41xxx || STM32F42xxx || STM32F43xxx || STM32F469xx || STM32F479xx ||
  82:Core/Src/system_stm32f4xx.c ****           STM32F412Zx || STM32F412Vx */
  83:Core/Src/system_stm32f4xx.c ****  
  84:Core/Src/system_stm32f4xx.c **** #if defined(STM32F427xx) || defined(STM32F437xx) || defined(STM32F429xx) || defined(STM32F439xx)\
  85:Core/Src/system_stm32f4xx.c ****  || defined(STM32F446xx) || defined(STM32F469xx) || defined(STM32F479xx)
  86:Core/Src/system_stm32f4xx.c **** /* #define DATA_IN_ExtSDRAM */
  87:Core/Src/system_stm32f4xx.c **** #endif /* STM32F427xx || STM32F437xx || STM32F429xx || STM32F439xx || STM32F446xx || STM32F469xx ||
ARM GAS  /tmp/cclcVw1u.s 			page 3


  88:Core/Src/system_stm32f4xx.c ****           STM32F479xx */
  89:Core/Src/system_stm32f4xx.c **** 
  90:Core/Src/system_stm32f4xx.c **** /*!< Uncomment the following line if you need to relocate your vector Table in
  91:Core/Src/system_stm32f4xx.c ****      Internal SRAM. */
  92:Core/Src/system_stm32f4xx.c **** /* #define VECT_TAB_SRAM */
  93:Core/Src/system_stm32f4xx.c **** #define VECT_TAB_OFFSET  0x00 /*!< Vector Table base offset field. 
  94:Core/Src/system_stm32f4xx.c ****                                    This value must be a multiple of 0x200. */
  95:Core/Src/system_stm32f4xx.c **** /******************************************************************************/
  96:Core/Src/system_stm32f4xx.c **** 
  97:Core/Src/system_stm32f4xx.c **** /**
  98:Core/Src/system_stm32f4xx.c ****   * @}
  99:Core/Src/system_stm32f4xx.c ****   */
 100:Core/Src/system_stm32f4xx.c **** 
 101:Core/Src/system_stm32f4xx.c **** /** @addtogroup STM32F4xx_System_Private_Macros
 102:Core/Src/system_stm32f4xx.c ****   * @{
 103:Core/Src/system_stm32f4xx.c ****   */
 104:Core/Src/system_stm32f4xx.c **** 
 105:Core/Src/system_stm32f4xx.c **** /**
 106:Core/Src/system_stm32f4xx.c ****   * @}
 107:Core/Src/system_stm32f4xx.c ****   */
 108:Core/Src/system_stm32f4xx.c **** 
 109:Core/Src/system_stm32f4xx.c **** /** @addtogroup STM32F4xx_System_Private_Variables
 110:Core/Src/system_stm32f4xx.c ****   * @{
 111:Core/Src/system_stm32f4xx.c ****   */
 112:Core/Src/system_stm32f4xx.c ****   /* This variable is updated in three ways:
 113:Core/Src/system_stm32f4xx.c ****       1) by calling CMSIS function SystemCoreClockUpdate()
 114:Core/Src/system_stm32f4xx.c ****       2) by calling HAL API function HAL_RCC_GetHCLKFreq()
 115:Core/Src/system_stm32f4xx.c ****       3) each time HAL_RCC_ClockConfig() is called to configure the system clock frequency 
 116:Core/Src/system_stm32f4xx.c ****          Note: If you use this function to configure the system clock; then there
 117:Core/Src/system_stm32f4xx.c ****                is no need to call the 2 first functions listed above, since SystemCoreClock
 118:Core/Src/system_stm32f4xx.c ****                variable is updated automatically.
 119:Core/Src/system_stm32f4xx.c ****   */
 120:Core/Src/system_stm32f4xx.c **** uint32_t SystemCoreClock = 16000000;
 121:Core/Src/system_stm32f4xx.c **** const uint8_t AHBPrescTable[16] = {0, 0, 0, 0, 0, 0, 0, 0, 1, 2, 3, 4, 6, 7, 8, 9};
 122:Core/Src/system_stm32f4xx.c **** const uint8_t APBPrescTable[8]  = {0, 0, 0, 0, 1, 2, 3, 4};
 123:Core/Src/system_stm32f4xx.c **** /**
 124:Core/Src/system_stm32f4xx.c ****   * @}
 125:Core/Src/system_stm32f4xx.c ****   */
 126:Core/Src/system_stm32f4xx.c **** 
 127:Core/Src/system_stm32f4xx.c **** /** @addtogroup STM32F4xx_System_Private_FunctionPrototypes
 128:Core/Src/system_stm32f4xx.c ****   * @{
 129:Core/Src/system_stm32f4xx.c ****   */
 130:Core/Src/system_stm32f4xx.c **** 
 131:Core/Src/system_stm32f4xx.c **** #if defined (DATA_IN_ExtSRAM) || defined (DATA_IN_ExtSDRAM)
 132:Core/Src/system_stm32f4xx.c ****   static void SystemInit_ExtMemCtl(void); 
 133:Core/Src/system_stm32f4xx.c **** #endif /* DATA_IN_ExtSRAM || DATA_IN_ExtSDRAM */
 134:Core/Src/system_stm32f4xx.c **** 
 135:Core/Src/system_stm32f4xx.c **** /**
 136:Core/Src/system_stm32f4xx.c ****   * @}
 137:Core/Src/system_stm32f4xx.c ****   */
 138:Core/Src/system_stm32f4xx.c **** 
 139:Core/Src/system_stm32f4xx.c **** /** @addtogroup STM32F4xx_System_Private_Functions
 140:Core/Src/system_stm32f4xx.c ****   * @{
 141:Core/Src/system_stm32f4xx.c ****   */
 142:Core/Src/system_stm32f4xx.c **** 
 143:Core/Src/system_stm32f4xx.c **** /**
 144:Core/Src/system_stm32f4xx.c ****   * @brief  Setup the microcontroller system
ARM GAS  /tmp/cclcVw1u.s 			page 4


 145:Core/Src/system_stm32f4xx.c ****   *         Initialize the FPU setting, vector table location and External memory 
 146:Core/Src/system_stm32f4xx.c ****   *         configuration.
 147:Core/Src/system_stm32f4xx.c ****   * @param  None
 148:Core/Src/system_stm32f4xx.c ****   * @retval None
 149:Core/Src/system_stm32f4xx.c ****   */
 150:Core/Src/system_stm32f4xx.c **** void SystemInit(void)
 151:Core/Src/system_stm32f4xx.c **** {
  29              		.loc 1 151 1 view -0
  30              		.cfi_startproc
  31              		@ args = 0, pretend = 0, frame = 0
  32              		@ frame_needed = 0, uses_anonymous_args = 0
  33              		@ link register save eliminated.
 152:Core/Src/system_stm32f4xx.c ****   /* FPU settings ------------------------------------------------------------*/
 153:Core/Src/system_stm32f4xx.c ****   #if (__FPU_PRESENT == 1) && (__FPU_USED == 1)
 154:Core/Src/system_stm32f4xx.c ****     SCB->CPACR |= ((3UL << 10*2)|(3UL << 11*2));  /* set CP10 and CP11 Full Access */
  34              		.loc 1 154 5 view .LVU1
  35              		.loc 1 154 8 is_stmt 0 view .LVU2
  36 0000 054B     		ldr	r3, .L2
  37 0002 D3F88820 		ldr	r2, [r3, #136]
  38              		.loc 1 154 16 view .LVU3
  39 0006 42F47002 		orr	r2, r2, #15728640
  40 000a C3F88820 		str	r2, [r3, #136]
 155:Core/Src/system_stm32f4xx.c ****   #endif
 156:Core/Src/system_stm32f4xx.c **** 
 157:Core/Src/system_stm32f4xx.c **** #if defined (DATA_IN_ExtSRAM) || defined (DATA_IN_ExtSDRAM)
 158:Core/Src/system_stm32f4xx.c ****   SystemInit_ExtMemCtl(); 
 159:Core/Src/system_stm32f4xx.c **** #endif /* DATA_IN_ExtSRAM || DATA_IN_ExtSDRAM */
 160:Core/Src/system_stm32f4xx.c **** 
 161:Core/Src/system_stm32f4xx.c ****   /* Configure the Vector Table location add offset address ------------------*/
 162:Core/Src/system_stm32f4xx.c **** #ifdef VECT_TAB_SRAM
 163:Core/Src/system_stm32f4xx.c ****   SCB->VTOR = SRAM_BASE | VECT_TAB_OFFSET; /* Vector Table Relocation in Internal SRAM */
 164:Core/Src/system_stm32f4xx.c **** #else
 165:Core/Src/system_stm32f4xx.c ****   SCB->VTOR = FLASH_BASE | VECT_TAB_OFFSET; /* Vector Table Relocation in Internal FLASH */
  41              		.loc 1 165 3 is_stmt 1 view .LVU4
  42              		.loc 1 165 13 is_stmt 0 view .LVU5
  43 000e 4FF00062 		mov	r2, #134217728
  44 0012 9A60     		str	r2, [r3, #8]
 166:Core/Src/system_stm32f4xx.c **** #endif
 167:Core/Src/system_stm32f4xx.c **** }
  45              		.loc 1 167 1 view .LVU6
  46 0014 7047     		bx	lr
  47              	.L3:
  48 0016 00BF     		.align	2
  49              	.L2:
  50 0018 00ED00E0 		.word	-536810240
  51              		.cfi_endproc
  52              	.LFE130:
  54              		.section	.text.SystemCoreClockUpdate,"ax",%progbits
  55              		.align	1
  56              		.global	SystemCoreClockUpdate
  57              		.syntax unified
  58              		.thumb
  59              		.thumb_func
  61              	SystemCoreClockUpdate:
  62              	.LFB131:
 168:Core/Src/system_stm32f4xx.c **** 
 169:Core/Src/system_stm32f4xx.c **** /**
ARM GAS  /tmp/cclcVw1u.s 			page 5


 170:Core/Src/system_stm32f4xx.c ****    * @brief  Update SystemCoreClock variable according to Clock Register Values.
 171:Core/Src/system_stm32f4xx.c ****   *         The SystemCoreClock variable contains the core clock (HCLK), it can
 172:Core/Src/system_stm32f4xx.c ****   *         be used by the user application to setup the SysTick timer or configure
 173:Core/Src/system_stm32f4xx.c ****   *         other parameters.
 174:Core/Src/system_stm32f4xx.c ****   *           
 175:Core/Src/system_stm32f4xx.c ****   * @note   Each time the core clock (HCLK) changes, this function must be called
 176:Core/Src/system_stm32f4xx.c ****   *         to update SystemCoreClock variable value. Otherwise, any configuration
 177:Core/Src/system_stm32f4xx.c ****   *         based on this variable will be incorrect.         
 178:Core/Src/system_stm32f4xx.c ****   *     
 179:Core/Src/system_stm32f4xx.c ****   * @note   - The system frequency computed by this function is not the real 
 180:Core/Src/system_stm32f4xx.c ****   *           frequency in the chip. It is calculated based on the predefined 
 181:Core/Src/system_stm32f4xx.c ****   *           constant and the selected clock source:
 182:Core/Src/system_stm32f4xx.c ****   *             
 183:Core/Src/system_stm32f4xx.c ****   *           - If SYSCLK source is HSI, SystemCoreClock will contain the HSI_VALUE(*)
 184:Core/Src/system_stm32f4xx.c ****   *                                              
 185:Core/Src/system_stm32f4xx.c ****   *           - If SYSCLK source is HSE, SystemCoreClock will contain the HSE_VALUE(**)
 186:Core/Src/system_stm32f4xx.c ****   *                          
 187:Core/Src/system_stm32f4xx.c ****   *           - If SYSCLK source is PLL, SystemCoreClock will contain the HSE_VALUE(**) 
 188:Core/Src/system_stm32f4xx.c ****   *             or HSI_VALUE(*) multiplied/divided by the PLL factors.
 189:Core/Src/system_stm32f4xx.c ****   *         
 190:Core/Src/system_stm32f4xx.c ****   *         (*) HSI_VALUE is a constant defined in stm32f4xx_hal_conf.h file (default value
 191:Core/Src/system_stm32f4xx.c ****   *             16 MHz) but the real value may vary depending on the variations
 192:Core/Src/system_stm32f4xx.c ****   *             in voltage and temperature.   
 193:Core/Src/system_stm32f4xx.c ****   *    
 194:Core/Src/system_stm32f4xx.c ****   *         (**) HSE_VALUE is a constant defined in stm32f4xx_hal_conf.h file (its value
 195:Core/Src/system_stm32f4xx.c ****   *              depends on the application requirements), user has to ensure that HSE_VALUE
 196:Core/Src/system_stm32f4xx.c ****   *              is same as the real frequency of the crystal used. Otherwise, this function
 197:Core/Src/system_stm32f4xx.c ****   *              may have wrong result.
 198:Core/Src/system_stm32f4xx.c ****   *                
 199:Core/Src/system_stm32f4xx.c ****   *         - The result of this function could be not correct when using fractional
 200:Core/Src/system_stm32f4xx.c ****   *           value for HSE crystal.
 201:Core/Src/system_stm32f4xx.c ****   *     
 202:Core/Src/system_stm32f4xx.c ****   * @param  None
 203:Core/Src/system_stm32f4xx.c ****   * @retval None
 204:Core/Src/system_stm32f4xx.c ****   */
 205:Core/Src/system_stm32f4xx.c **** void SystemCoreClockUpdate(void)
 206:Core/Src/system_stm32f4xx.c **** {
  63              		.loc 1 206 1 is_stmt 1 view -0
  64              		.cfi_startproc
  65              		@ args = 0, pretend = 0, frame = 0
  66              		@ frame_needed = 0, uses_anonymous_args = 0
  67              		@ link register save eliminated.
 207:Core/Src/system_stm32f4xx.c ****   uint32_t tmp = 0, pllvco = 0, pllp = 2, pllsource = 0, pllm = 2;
  68              		.loc 1 207 3 view .LVU8
  69              	.LVL0:
 208:Core/Src/system_stm32f4xx.c ****   
 209:Core/Src/system_stm32f4xx.c ****   /* Get SYSCLK source -------------------------------------------------------*/
 210:Core/Src/system_stm32f4xx.c ****   tmp = RCC->CFGR & RCC_CFGR_SWS;
  70              		.loc 1 210 3 view .LVU9
  71              		.loc 1 210 12 is_stmt 0 view .LVU10
  72 0000 224B     		ldr	r3, .L11
  73 0002 9B68     		ldr	r3, [r3, #8]
  74              		.loc 1 210 7 view .LVU11
  75 0004 03F00C03 		and	r3, r3, #12
  76              	.LVL1:
 211:Core/Src/system_stm32f4xx.c **** 
 212:Core/Src/system_stm32f4xx.c ****   switch (tmp)
ARM GAS  /tmp/cclcVw1u.s 			page 6


  77              		.loc 1 212 3 is_stmt 1 view .LVU12
  78 0008 042B     		cmp	r3, #4
  79 000a 11D0     		beq	.L5
  80 000c 082B     		cmp	r3, #8
  81 000e 13D0     		beq	.L6
  82 0010 002B     		cmp	r3, #0
  83 0012 37D1     		bne	.L7
 213:Core/Src/system_stm32f4xx.c ****   {
 214:Core/Src/system_stm32f4xx.c ****     case 0x00:  /* HSI used as system clock source */
 215:Core/Src/system_stm32f4xx.c ****       SystemCoreClock = HSI_VALUE;
  84              		.loc 1 215 7 view .LVU13
  85              		.loc 1 215 23 is_stmt 0 view .LVU14
  86 0014 1E4B     		ldr	r3, .L11+4
  87              	.LVL2:
  88              		.loc 1 215 23 view .LVU15
  89 0016 1F4A     		ldr	r2, .L11+8
  90 0018 1A60     		str	r2, [r3]
 216:Core/Src/system_stm32f4xx.c ****       break;
  91              		.loc 1 216 7 is_stmt 1 view .LVU16
  92              	.LVL3:
  93              	.L8:
 217:Core/Src/system_stm32f4xx.c ****     case 0x04:  /* HSE used as system clock source */
 218:Core/Src/system_stm32f4xx.c ****       SystemCoreClock = HSE_VALUE;
 219:Core/Src/system_stm32f4xx.c ****       break;
 220:Core/Src/system_stm32f4xx.c ****     case 0x08:  /* PLL used as system clock source */
 221:Core/Src/system_stm32f4xx.c **** 
 222:Core/Src/system_stm32f4xx.c ****       /* PLL_VCO = (HSE_VALUE or HSI_VALUE / PLL_M) * PLL_N
 223:Core/Src/system_stm32f4xx.c ****          SYSCLK = PLL_VCO / PLL_P
 224:Core/Src/system_stm32f4xx.c ****          */    
 225:Core/Src/system_stm32f4xx.c ****       pllsource = (RCC->PLLCFGR & RCC_PLLCFGR_PLLSRC) >> 22;
 226:Core/Src/system_stm32f4xx.c ****       pllm = RCC->PLLCFGR & RCC_PLLCFGR_PLLM;
 227:Core/Src/system_stm32f4xx.c ****       
 228:Core/Src/system_stm32f4xx.c ****       if (pllsource != 0)
 229:Core/Src/system_stm32f4xx.c ****       {
 230:Core/Src/system_stm32f4xx.c ****         /* HSE used as PLL clock source */
 231:Core/Src/system_stm32f4xx.c ****         pllvco = (HSE_VALUE / pllm) * ((RCC->PLLCFGR & RCC_PLLCFGR_PLLN) >> 6);
 232:Core/Src/system_stm32f4xx.c ****       }
 233:Core/Src/system_stm32f4xx.c ****       else
 234:Core/Src/system_stm32f4xx.c ****       {
 235:Core/Src/system_stm32f4xx.c ****         /* HSI used as PLL clock source */
 236:Core/Src/system_stm32f4xx.c ****         pllvco = (HSI_VALUE / pllm) * ((RCC->PLLCFGR & RCC_PLLCFGR_PLLN) >> 6);
 237:Core/Src/system_stm32f4xx.c ****       }
 238:Core/Src/system_stm32f4xx.c **** 
 239:Core/Src/system_stm32f4xx.c ****       pllp = (((RCC->PLLCFGR & RCC_PLLCFGR_PLLP) >>16) + 1 ) *2;
 240:Core/Src/system_stm32f4xx.c ****       SystemCoreClock = pllvco/pllp;
 241:Core/Src/system_stm32f4xx.c ****       break;
 242:Core/Src/system_stm32f4xx.c ****     default:
 243:Core/Src/system_stm32f4xx.c ****       SystemCoreClock = HSI_VALUE;
 244:Core/Src/system_stm32f4xx.c ****       break;
 245:Core/Src/system_stm32f4xx.c ****   }
 246:Core/Src/system_stm32f4xx.c ****   /* Compute HCLK frequency --------------------------------------------------*/
 247:Core/Src/system_stm32f4xx.c ****   /* Get HCLK prescaler */
 248:Core/Src/system_stm32f4xx.c ****   tmp = AHBPrescTable[((RCC->CFGR & RCC_CFGR_HPRE) >> 4)];
  94              		.loc 1 248 3 view .LVU17
  95              		.loc 1 248 28 is_stmt 0 view .LVU18
  96 001a 1C4B     		ldr	r3, .L11
  97 001c 9B68     		ldr	r3, [r3, #8]
ARM GAS  /tmp/cclcVw1u.s 			page 7


  98              		.loc 1 248 52 view .LVU19
  99 001e C3F30313 		ubfx	r3, r3, #4, #4
 100              		.loc 1 248 22 view .LVU20
 101 0022 1D4A     		ldr	r2, .L11+12
 102 0024 D15C     		ldrb	r1, [r2, r3]	@ zero_extendqisi2
 103              	.LVL4:
 249:Core/Src/system_stm32f4xx.c ****   /* HCLK frequency */
 250:Core/Src/system_stm32f4xx.c ****   SystemCoreClock >>= tmp;
 104              		.loc 1 250 3 is_stmt 1 view .LVU21
 105              		.loc 1 250 19 is_stmt 0 view .LVU22
 106 0026 1A4A     		ldr	r2, .L11+4
 107 0028 1368     		ldr	r3, [r2]
 108 002a CB40     		lsrs	r3, r3, r1
 109 002c 1360     		str	r3, [r2]
 251:Core/Src/system_stm32f4xx.c **** }
 110              		.loc 1 251 1 view .LVU23
 111 002e 7047     		bx	lr
 112              	.LVL5:
 113              	.L5:
 218:Core/Src/system_stm32f4xx.c ****       break;
 114              		.loc 1 218 7 is_stmt 1 view .LVU24
 218:Core/Src/system_stm32f4xx.c ****       break;
 115              		.loc 1 218 23 is_stmt 0 view .LVU25
 116 0030 174B     		ldr	r3, .L11+4
 117              	.LVL6:
 218:Core/Src/system_stm32f4xx.c ****       break;
 118              		.loc 1 218 23 view .LVU26
 119 0032 1A4A     		ldr	r2, .L11+16
 120 0034 1A60     		str	r2, [r3]
 219:Core/Src/system_stm32f4xx.c ****     case 0x08:  /* PLL used as system clock source */
 121              		.loc 1 219 7 is_stmt 1 view .LVU27
 122 0036 F0E7     		b	.L8
 123              	.LVL7:
 124              	.L6:
 225:Core/Src/system_stm32f4xx.c ****       pllm = RCC->PLLCFGR & RCC_PLLCFGR_PLLM;
 125              		.loc 1 225 7 view .LVU28
 225:Core/Src/system_stm32f4xx.c ****       pllm = RCC->PLLCFGR & RCC_PLLCFGR_PLLM;
 126              		.loc 1 225 23 is_stmt 0 view .LVU29
 127 0038 144B     		ldr	r3, .L11
 128              	.LVL8:
 225:Core/Src/system_stm32f4xx.c ****       pllm = RCC->PLLCFGR & RCC_PLLCFGR_PLLM;
 129              		.loc 1 225 23 view .LVU30
 130 003a 5968     		ldr	r1, [r3, #4]
 131              	.LVL9:
 226:Core/Src/system_stm32f4xx.c ****       
 132              		.loc 1 226 7 is_stmt 1 view .LVU31
 226:Core/Src/system_stm32f4xx.c ****       
 133              		.loc 1 226 17 is_stmt 0 view .LVU32
 134 003c 5A68     		ldr	r2, [r3, #4]
 226:Core/Src/system_stm32f4xx.c ****       
 135              		.loc 1 226 12 view .LVU33
 136 003e 02F03F02 		and	r2, r2, #63
 137              	.LVL10:
 228:Core/Src/system_stm32f4xx.c ****       {
 138              		.loc 1 228 7 is_stmt 1 view .LVU34
 228:Core/Src/system_stm32f4xx.c ****       {
 139              		.loc 1 228 10 is_stmt 0 view .LVU35
ARM GAS  /tmp/cclcVw1u.s 			page 8


 140 0042 11F4800F 		tst	r1, #4194304
 141 0046 13D0     		beq	.L9
 231:Core/Src/system_stm32f4xx.c ****       }
 142              		.loc 1 231 9 is_stmt 1 view .LVU36
 231:Core/Src/system_stm32f4xx.c ****       }
 143              		.loc 1 231 29 is_stmt 0 view .LVU37
 144 0048 144B     		ldr	r3, .L11+16
 145 004a B3FBF2F3 		udiv	r3, r3, r2
 231:Core/Src/system_stm32f4xx.c ****       }
 146              		.loc 1 231 44 view .LVU38
 147 004e 0F4A     		ldr	r2, .L11
 148              	.LVL11:
 231:Core/Src/system_stm32f4xx.c ****       }
 149              		.loc 1 231 44 view .LVU39
 150 0050 5268     		ldr	r2, [r2, #4]
 231:Core/Src/system_stm32f4xx.c ****       }
 151              		.loc 1 231 74 view .LVU40
 152 0052 C2F38812 		ubfx	r2, r2, #6, #9
 231:Core/Src/system_stm32f4xx.c ****       }
 153              		.loc 1 231 16 view .LVU41
 154 0056 02FB03F3 		mul	r3, r2, r3
 155              	.LVL12:
 156              	.L10:
 239:Core/Src/system_stm32f4xx.c ****       SystemCoreClock = pllvco/pllp;
 157              		.loc 1 239 7 is_stmt 1 view .LVU42
 239:Core/Src/system_stm32f4xx.c ****       SystemCoreClock = pllvco/pllp;
 158              		.loc 1 239 20 is_stmt 0 view .LVU43
 159 005a 0C4A     		ldr	r2, .L11
 160 005c 5268     		ldr	r2, [r2, #4]
 239:Core/Src/system_stm32f4xx.c ****       SystemCoreClock = pllvco/pllp;
 161              		.loc 1 239 50 view .LVU44
 162 005e C2F30142 		ubfx	r2, r2, #16, #2
 239:Core/Src/system_stm32f4xx.c ****       SystemCoreClock = pllvco/pllp;
 163              		.loc 1 239 56 view .LVU45
 164 0062 0132     		adds	r2, r2, #1
 239:Core/Src/system_stm32f4xx.c ****       SystemCoreClock = pllvco/pllp;
 165              		.loc 1 239 12 view .LVU46
 166 0064 5200     		lsls	r2, r2, #1
 167              	.LVL13:
 240:Core/Src/system_stm32f4xx.c ****       break;
 168              		.loc 1 240 7 is_stmt 1 view .LVU47
 240:Core/Src/system_stm32f4xx.c ****       break;
 169              		.loc 1 240 31 is_stmt 0 view .LVU48
 170 0066 B3FBF2F3 		udiv	r3, r3, r2
 171              	.LVL14:
 240:Core/Src/system_stm32f4xx.c ****       break;
 172              		.loc 1 240 23 view .LVU49
 173 006a 094A     		ldr	r2, .L11+4
 174              	.LVL15:
 240:Core/Src/system_stm32f4xx.c ****       break;
 175              		.loc 1 240 23 view .LVU50
 176 006c 1360     		str	r3, [r2]
 241:Core/Src/system_stm32f4xx.c ****     default:
 177              		.loc 1 241 7 is_stmt 1 view .LVU51
 178 006e D4E7     		b	.L8
 179              	.LVL16:
 180              	.L9:
ARM GAS  /tmp/cclcVw1u.s 			page 9


 236:Core/Src/system_stm32f4xx.c ****       }
 181              		.loc 1 236 9 view .LVU52
 236:Core/Src/system_stm32f4xx.c ****       }
 182              		.loc 1 236 29 is_stmt 0 view .LVU53
 183 0070 084B     		ldr	r3, .L11+8
 184 0072 B3FBF2F3 		udiv	r3, r3, r2
 236:Core/Src/system_stm32f4xx.c ****       }
 185              		.loc 1 236 44 view .LVU54
 186 0076 054A     		ldr	r2, .L11
 187              	.LVL17:
 236:Core/Src/system_stm32f4xx.c ****       }
 188              		.loc 1 236 44 view .LVU55
 189 0078 5268     		ldr	r2, [r2, #4]
 236:Core/Src/system_stm32f4xx.c ****       }
 190              		.loc 1 236 74 view .LVU56
 191 007a C2F38812 		ubfx	r2, r2, #6, #9
 236:Core/Src/system_stm32f4xx.c ****       }
 192              		.loc 1 236 16 view .LVU57
 193 007e 02FB03F3 		mul	r3, r2, r3
 194              	.LVL18:
 236:Core/Src/system_stm32f4xx.c ****       }
 195              		.loc 1 236 16 view .LVU58
 196 0082 EAE7     		b	.L10
 197              	.LVL19:
 198              	.L7:
 243:Core/Src/system_stm32f4xx.c ****       break;
 199              		.loc 1 243 7 is_stmt 1 view .LVU59
 243:Core/Src/system_stm32f4xx.c ****       break;
 200              		.loc 1 243 23 is_stmt 0 view .LVU60
 201 0084 024B     		ldr	r3, .L11+4
 202              	.LVL20:
 243:Core/Src/system_stm32f4xx.c ****       break;
 203              		.loc 1 243 23 view .LVU61
 204 0086 034A     		ldr	r2, .L11+8
 205 0088 1A60     		str	r2, [r3]
 244:Core/Src/system_stm32f4xx.c ****   }
 206              		.loc 1 244 7 is_stmt 1 view .LVU62
 207 008a C6E7     		b	.L8
 208              	.L12:
 209              		.align	2
 210              	.L11:
 211 008c 00380240 		.word	1073887232
 212 0090 00000000 		.word	SystemCoreClock
 213 0094 0024F400 		.word	16000000
 214 0098 00000000 		.word	AHBPrescTable
 215 009c 001BB700 		.word	12000000
 216              		.cfi_endproc
 217              	.LFE131:
 219              		.global	APBPrescTable
 220              		.section	.rodata.APBPrescTable,"a"
 221              		.align	2
 224              	APBPrescTable:
 225 0000 00000000 		.ascii	"\000\000\000\000\001\002\003\004"
 225      01020304 
 226              		.global	AHBPrescTable
 227              		.section	.rodata.AHBPrescTable,"a"
 228              		.align	2
ARM GAS  /tmp/cclcVw1u.s 			page 10


 231              	AHBPrescTable:
 232 0000 00000000 		.ascii	"\000\000\000\000\000\000\000\000\001\002\003\004\006"
 232      00000000 
 232      01020304 
 232      06
 233 000d 070809   		.ascii	"\007\010\011"
 234              		.global	SystemCoreClock
 235              		.section	.data.SystemCoreClock,"aw"
 236              		.align	2
 239              	SystemCoreClock:
 240 0000 0024F400 		.word	16000000
 241              		.text
 242              	.Letext0:
 243              		.file 2 "/usr/arm-none-eabi/include/machine/_default_types.h"
 244              		.file 3 "/usr/arm-none-eabi/include/sys/_stdint.h"
 245              		.file 4 "Drivers/CMSIS/Include/core_cm4.h"
 246              		.file 5 "Drivers/CMSIS/Device/ST/STM32F4xx/Include/system_stm32f4xx.h"
 247              		.file 6 "Drivers/CMSIS/Device/ST/STM32F4xx/Include/stm32f407xx.h"
ARM GAS  /tmp/cclcVw1u.s 			page 11


DEFINED SYMBOLS
                            *ABS*:00000000 system_stm32f4xx.c
     /tmp/cclcVw1u.s:21     .text.SystemInit:00000000 $t
     /tmp/cclcVw1u.s:27     .text.SystemInit:00000000 SystemInit
     /tmp/cclcVw1u.s:50     .text.SystemInit:00000018 $d
     /tmp/cclcVw1u.s:55     .text.SystemCoreClockUpdate:00000000 $t
     /tmp/cclcVw1u.s:61     .text.SystemCoreClockUpdate:00000000 SystemCoreClockUpdate
     /tmp/cclcVw1u.s:211    .text.SystemCoreClockUpdate:0000008c $d
     /tmp/cclcVw1u.s:239    .data.SystemCoreClock:00000000 SystemCoreClock
     /tmp/cclcVw1u.s:231    .rodata.AHBPrescTable:00000000 AHBPrescTable
     /tmp/cclcVw1u.s:224    .rodata.APBPrescTable:00000000 APBPrescTable
     /tmp/cclcVw1u.s:221    .rodata.APBPrescTable:00000000 $d
     /tmp/cclcVw1u.s:228    .rodata.AHBPrescTable:00000000 $d
     /tmp/cclcVw1u.s:236    .data.SystemCoreClock:00000000 $d

NO UNDEFINED SYMBOLS
